SQL> SET ECHO ON
SQL> SET FEEDBACK ON
SQL> SET LINESIZE 300
SQL> SET PAGESIZE 300
SQL> -- Student Name: Lee Yu Xian
SQL> -- Student Number: 7233164
SQL> 
SQL> -- Calling the given query
SQL> explain plan for
  2  SELECT L_ORDERKEY, COUNT(*) TOT 
  3  FROM LINEITEM 
  4  WHERE L_QUANTITY = 37 AND L_DISCOUNT = 0.5
  5  GROUP BY L_ORDERKEY 
  6  HAVING COUNT(*) > 1 
  7  ORDER BY L_ORDERKEY;

Explained.

SQL> -- Displaying the explained plan
SQL> SELECT * FROM TABLE(DBMS_XPLAN.DISPLAY);

PLAN_TABLE_OUTPUT
------------------------------------------------------------------------------------------------------------------------------------------------------------------------------------------------------------------------------------------------------------------------------------------------------------
Plan hash value: 119192358
 
-------------------------------------------------------------------------------
| Id  | Operation          | Name     | Rows  | Bytes | Cost (%CPU)| Time     |
-------------------------------------------------------------------------------
|   0 | SELECT STATEMENT   |          |     1 |    12 | 12153   (1)| 00:00:01 |
|*  1 |  SORT GROUP BY     |          |     1 |    12 | 12153   (1)| 00:00:01 |
|*  2 |   TABLE ACCESS FULL| LINEITEM |     1 |    12 | 12152   (1)| 00:00:01 |
-------------------------------------------------------------------------------
 
Predicate Information (identified by operation id):
---------------------------------------------------
 
   1 - filter(COUNT(*)>1)
   2 - filter("L_DISCOUNT"=0.5 AND "L_QUANTITY"=37)

15 rows selected. 

SQL> 
SQL> -- Creating index to improve performance
SQL> create index task4a on lineitem(l_discount);

Index created.

SQL> 
SQL> -- Calling the given query
SQL> explain plan for
  2  SELECT L_ORDERKEY, COUNT(*) TOT 
  3  FROM LINEITEM 
  4  WHERE L_QUANTITY = 37 AND L_DISCOUNT = 0.5
  5  GROUP BY L_ORDERKEY 
  6  HAVING COUNT(*) > 1 
  7  ORDER BY L_ORDERKEY;

Explained.

SQL> -- Displaying the explained plan
SQL> SELECT * FROM TABLE(DBMS_XPLAN.DISPLAY);

PLAN_TABLE_OUTPUT
------------------------------------------------------------------------------------------------------------------------------------------------------------------------------------------------------------------------------------------------------------------------------------------------------------
Plan hash value: 3491480682
 
-------------------------------------------------------------------------------------------------
| Id  | Operation                            | Name     | Rows  | Bytes | Cost (%CPU)| Time     |
-------------------------------------------------------------------------------------------------
|   0 | SELECT STATEMENT                     |          |     1 |    12 |     5  (20)| 00:00:01 |
|*  1 |  SORT GROUP BY                       |          |     1 |    12 |     5  (20)| 00:00:01 |
|*  2 |   TABLE ACCESS BY INDEX ROWID BATCHED| LINEITEM |     1 |    12 |     4   (0)| 00:00:01 |
|*  3 |    INDEX RANGE SCAN                  | TASK4A   |     1 |       |     3   (0)| 00:00:01 |
-------------------------------------------------------------------------------------------------
 
Predicate Information (identified by operation id):
---------------------------------------------------
 
   1 - filter(COUNT(*)>1)
   2 - filter("L_QUANTITY"=37)
   3 - access("L_DISCOUNT"=0.5)

17 rows selected. 

SQL> 
SQL> -- Dropping the index created
SQL> drop index task4a;

Index dropped.

SQL> 
SQL> -- Creating index (2 columns) to improve performance
SQL> create index task4a on lineitem(l_quantity, l_discount);

Index created.

SQL> 
SQL> -- Calling the given query
SQL> explain plan for
  2  SELECT L_ORDERKEY, COUNT(*) TOT 
  3  FROM LINEITEM 
  4  WHERE L_QUANTITY = 37 AND L_DISCOUNT = 0.5
  5  GROUP BY L_ORDERKEY 
  6  HAVING COUNT(*) > 1 
  7  ORDER BY L_ORDERKEY;

Explained.

SQL> -- Displaying the explained plan
SQL> SELECT * FROM TABLE(DBMS_XPLAN.DISPLAY);

PLAN_TABLE_OUTPUT
------------------------------------------------------------------------------------------------------------------------------------------------------------------------------------------------------------------------------------------------------------------------------------------------------------
Plan hash value: 3491480682
 
-------------------------------------------------------------------------------------------------
| Id  | Operation                            | Name     | Rows  | Bytes | Cost (%CPU)| Time     |
-------------------------------------------------------------------------------------------------
|   0 | SELECT STATEMENT                     |          |     1 |    12 |     5  (20)| 00:00:01 |
|*  1 |  SORT GROUP BY                       |          |     1 |    12 |     5  (20)| 00:00:01 |
|   2 |   TABLE ACCESS BY INDEX ROWID BATCHED| LINEITEM |     1 |    12 |     4   (0)| 00:00:01 |
|*  3 |    INDEX RANGE SCAN                  | TASK4A   |     1 |       |     3   (0)| 00:00:01 |
-------------------------------------------------------------------------------------------------
 
Predicate Information (identified by operation id):
---------------------------------------------------
 
   1 - filter(COUNT(*)>1)
   3 - access("L_QUANTITY"=37 AND "L_DISCOUNT"=0.5)

16 rows selected. 

SQL> 
SQL> -- Dropping the index created
SQL> drop index task4a;

Index dropped.

SQL> 
SQL> -- Creating indexes (2 single columns) to improve performance
SQL> create index task4a on lineitem(l_quantity);

Index created.

SQL> create index task4b on lineitem(l_discount);

Index created.

SQL> 
SQL> -- Calling the given query
SQL> explain plan for
  2  SELECT L_ORDERKEY, COUNT(*) TOT 
  3  FROM LINEITEM 
  4  WHERE L_QUANTITY = 37 AND L_DISCOUNT = 0.5
  5  GROUP BY L_ORDERKEY 
  6  HAVING COUNT(*) > 1 
  7  ORDER BY L_ORDERKEY;

Explained.

SQL> -- Displaying the explained plan
SQL> SELECT * FROM TABLE(DBMS_XPLAN.DISPLAY);

PLAN_TABLE_OUTPUT
------------------------------------------------------------------------------------------------------------------------------------------------------------------------------------------------------------------------------------------------------------------------------------------------------------
Plan hash value: 1465368744
 
-------------------------------------------------------------------------------------------------
| Id  | Operation                            | Name     | Rows  | Bytes | Cost (%CPU)| Time     |
-------------------------------------------------------------------------------------------------
|   0 | SELECT STATEMENT                     |          |     1 |    12 |     5  (20)| 00:00:01 |
|*  1 |  SORT GROUP BY                       |          |     1 |    12 |     5  (20)| 00:00:01 |
|*  2 |   TABLE ACCESS BY INDEX ROWID BATCHED| LINEITEM |     1 |    12 |     4   (0)| 00:00:01 |
|*  3 |    INDEX RANGE SCAN                  | TASK4B   |     1 |       |     3   (0)| 00:00:01 |
-------------------------------------------------------------------------------------------------
 
Predicate Information (identified by operation id):
---------------------------------------------------
 
   1 - filter(COUNT(*)>1)
   2 - filter("L_QUANTITY"=37)
   3 - access("L_DISCOUNT"=0.5)

17 rows selected. 

SQL> 
SQL> -- Dropping the indexes created
SQL> drop index task4a;

Index dropped.

SQL> drop index task4b;

Index dropped.

SQL> 
SQL> -- Creating indexes (any columns) to improve performance
SQL> create index task4a on lineitem(l_quantity, l_discount, l_linenumber);

Index created.

SQL> 
SQL> -- Calling the given query
SQL> explain plan for
  2  SELECT L_ORDERKEY, COUNT(*) TOT 
  3  FROM LINEITEM 
  4  WHERE L_QUANTITY = 37 AND L_DISCOUNT = 0.5
  5  GROUP BY L_ORDERKEY 
  6  HAVING COUNT(*) > 1 
  7  ORDER BY L_ORDERKEY;

Explained.

SQL> -- Displaying the explained plan
SQL> SELECT * FROM TABLE(DBMS_XPLAN.DISPLAY);

PLAN_TABLE_OUTPUT
------------------------------------------------------------------------------------------------------------------------------------------------------------------------------------------------------------------------------------------------------------------------------------------------------------
Plan hash value: 3491480682
 
-------------------------------------------------------------------------------------------------
| Id  | Operation                            | Name     | Rows  | Bytes | Cost (%CPU)| Time     |
-------------------------------------------------------------------------------------------------
|   0 | SELECT STATEMENT                     |          |     1 |    12 |     5  (20)| 00:00:01 |
|*  1 |  SORT GROUP BY                       |          |     1 |    12 |     5  (20)| 00:00:01 |
|   2 |   TABLE ACCESS BY INDEX ROWID BATCHED| LINEITEM |     1 |    12 |     4   (0)| 00:00:01 |
|*  3 |    INDEX RANGE SCAN                  | TASK4A   |     1 |       |     3   (0)| 00:00:01 |
-------------------------------------------------------------------------------------------------
 
Predicate Information (identified by operation id):
---------------------------------------------------
 
   1 - filter(COUNT(*)>1)
   3 - access("L_QUANTITY"=37 AND "L_DISCOUNT"=0.5)

16 rows selected. 

SQL> 
SQL> -- Dropping the indexes created
SQL> drop index task4a;

Index dropped.

SQL> 
SQL> SPOOL OFF
