SQL> SET FEEDBACK ON
SQL> SET LINESIZE 300
SQL> SET PAGESIZE 300
SQL> -- Student Name: Lee Yu Xian
SQL> -- Student Number: 7233164
SQL> 
SQL> /* ~~~~~~~~~~~~~~~~~~~~~~~~~~~~~~~~~~~~~~~~~~~~~~~~~~~~~~~~~~~~~~~~~~~~~~~~~ */
SQL> /* ~~~~~~~~~~~~~~~~~~~~~~~~~~~~~~~~~~~~~~~~~~~~~~~~~~~~~~~~~~~~~~~~~~~~~~~~~ */
SQL> /* 1 */
SQL> EXPLAIN PLAN FOR
  2  SELECT DISTINCT l_extendedprice
  3  FROM LINEITEM
  4  WHERE l_extendedprice >= ALL (SELECT l_extendedprice
  5                                FROM LINEITEM);

Explained.

SQL> SELECT * FROM TABLE(DBMS_XPLAN.DISPLAY);

PLAN_TABLE_OUTPUT
------------------------------------------------------------------------------------------------------------------------------------------------------------------------------------------------------------------------------------------------------------------------------------------------------------
Plan hash value: 225578700
 
-----------------------------------------------------------------------------------------
| Id  | Operation            | Name     | Rows  | Bytes |TempSpc| Cost (%CPU)| Time     |
-----------------------------------------------------------------------------------------
|   0 | SELECT STATEMENT     |          | 18001 |   210K|       | 36039   (1)| 00:00:02 |
|   1 |  SORT UNIQUE NOSORT  |          | 18001 |   210K|       | 36039   (1)| 00:00:02 |
|   2 |   MERGE JOIN ANTI    |          | 18001 |   210K|       | 35954   (1)| 00:00:02 |
|   3 |    SORT JOIN         |          |  1800K|    10M|    41M| 17976   (1)| 00:00:01 |
|   4 |     TABLE ACCESS FULL| LINEITEM |  1800K|    10M|       | 12148   (1)| 00:00:01 |
|*  5 |    SORT UNIQUE       |          |  1800K|    10M|    41M| 17978   (1)| 00:00:01 |
|*  6 |     TABLE ACCESS FULL| LINEITEM |  1800K|    10M|       | 12151   (1)| 00:00:01 |
-----------------------------------------------------------------------------------------
 
Predicate Information (identified by operation id):
---------------------------------------------------
 
   5 - access("L_EXTENDEDPRICE"<"L_EXTENDEDPRICE")
       filter("L_EXTENDEDPRICE"<"L_EXTENDEDPRICE")
   6 - filter("L_EXTENDEDPRICE">0)

20 rows selected. 

SQL> /* ~~~~~~~~~~~~~~~~~~~~~~~~~~~~~~~~~~~~~~~~~~~~~~~~~~~~~~~~~~~~~~~~~~~~~~~~~ */
SQL> /* 2 */
SQL> EXPLAIN PLAN FOR
  2  SELECT p_partkey, p_retailprice
  3  FROM PART
  4  WHERE p_retailprice > (SELECT MAX(p_retailprice)
  5                           FROM PART
  6                           WHERE p_brand = 'Brand#13') AND
  7        p_retailprice > (SELECT MAX(p_retailprice)
  8                           FROM PART
  9                           WHERE p_brand = 'Brand#23') AND
 10        p_retailprice > (SELECT MAX(p_retailprice)
 11                           FROM PART
 12                           WHERE p_brand = 'Brand#55');

Explained.

SQL> SELECT * FROM TABLE(DBMS_XPLAN.DISPLAY);

PLAN_TABLE_OUTPUT
------------------------------------------------------------------------------------------------------------------------------------------------------------------------------------------------------------------------------------------------------------------------------------------------------------
Plan hash value: 1267239412
 
----------------------------------------------------------------------------
| Id  | Operation           | Name | Rows  | Bytes | Cost (%CPU)| Time     |
----------------------------------------------------------------------------
|   0 | SELECT STATEMENT    |      |     8 |    80 |  1604   (1)| 00:00:01 |
|*  1 |  TABLE ACCESS FULL  | PART |     8 |    80 |   401   (1)| 00:00:01 |
|   2 |   SORT AGGREGATE    |      |     1 |    16 |            |          |
|*  3 |    TABLE ACCESS FULL| PART |  2375 | 38000 |   401   (1)| 00:00:01 |
|   4 |   SORT AGGREGATE    |      |     1 |    16 |            |          |
|*  5 |    TABLE ACCESS FULL| PART |  2364 | 37824 |   401   (1)| 00:00:01 |
|   6 |   SORT AGGREGATE    |      |     1 |    16 |            |          |
|*  7 |    TABLE ACCESS FULL| PART |  2437 | 38992 |   401   (1)| 00:00:01 |
----------------------------------------------------------------------------
 
Predicate Information (identified by operation id):
---------------------------------------------------
 
   1 - filter("P_RETAILPRICE"> (SELECT MAX("P_RETAILPRICE") FROM "PART" 
              "PART" WHERE "P_BRAND"='Brand#13') AND "P_RETAILPRICE"> (SELECT 
              MAX("P_RETAILPRICE") FROM "PART" "PART" WHERE "P_BRAND"='Brand#23') AND 
              "P_RETAILPRICE"> (SELECT MAX("P_RETAILPRICE") FROM "PART" "PART" WHERE 
              "P_BRAND"='Brand#55'))
   3 - filter("P_BRAND"='Brand#13')
   5 - filter("P_BRAND"='Brand#23')
   7 - filter("P_BRAND"='Brand#55')

26 rows selected. 

SQL> /* ~~~~~~~~~~~~~~~~~~~~~~~~~~~~~~~~~~~~~~~~~~~~~~~~~~~~~~~~~~~~~~~~~~~~~~~~~ */
SQL> /* 3 */
SQL> EXPLAIN PLAN FOR
  2  SELECT   p_partkey, 0
  3  FROM     PART
  4  WHERE    NOT EXISTS (SELECT 'whatever'
  5                        FROM LINEITEM
  6                        WHERE l_partkey = p_partkey)
  7  UNION
  8  SELECT   l_partkey, COUNT(*)
  9  FROM     LINEITEM
 10  GROUP BY l_partkey;

Explained.

SQL> SELECT * FROM TABLE(DBMS_XPLAN.DISPLAY);

PLAN_TABLE_OUTPUT
------------------------------------------------------------------------------------------------------------------------------------------------------------------------------------------------------------------------------------------------------------------------------------------------------------
Plan hash value: 3740592386
 
----------------------------------------------------------------------------------------------
| Id  | Operation               | Name       | Rows  | Bytes |TempSpc| Cost (%CPU)| Time     |
----------------------------------------------------------------------------------------------
|   0 | SELECT STATEMENT        |            | 61052 |   301K|       | 29998   (1)| 00:00:02 |
|   1 |  SORT UNIQUE            |            | 61052 |   301K|    20M| 29998   (1)| 00:00:02 |
|   2 |   UNION-ALL             |            |       |       |       |            |          |
|*  3 |    HASH JOIN ANTI       |            |   600 |  6000 |  1000K| 13695   (1)| 00:00:01 |
|   4 |     INDEX FAST FULL SCAN| PART_PEKEY | 60000 |   292K|       |    43   (0)| 00:00:01 |
|*  5 |     TABLE ACCESS FULL   | LINEITEM   |  1800K|  8789K|       | 12147   (1)| 00:00:01 |
|   6 |    HASH GROUP BY        |            | 60452 |   295K|    20M| 16301   (1)| 00:00:01 |
|   7 |     TABLE ACCESS FULL   | LINEITEM   |  1800K|  8789K|       | 12144   (1)| 00:00:01 |
----------------------------------------------------------------------------------------------
 
Predicate Information (identified by operation id):
---------------------------------------------------
 
   3 - access("L_PARTKEY"="P_PARTKEY")
   5 - filter("L_PARTKEY">=0)

20 rows selected. 

SQL> /* ~~~~~~~~~~~~~~~~~~~~~~~~~~~~~~~~~~~~~~~~~~~~~~~~~~~~~~~~~~~~~~~~~~~~~~~~~ */
SQL> /* 4 */
SQL> EXPLAIN PLAN FOR
  2  SELECT l_orderkey
  3  FROM LINEITEM l
  4  WHERE (SELECT COUNT(*)
  5         FROM LINEITEM
  6         WHERE l_orderkey = l.l_orderkey) > 5;

Explained.

SQL> SELECT * FROM TABLE(DBMS_XPLAN.DISPLAY);

PLAN_TABLE_OUTPUT
------------------------------------------------------------------------------------------------------------------------------------------------------------------------------------------------------------------------------------------------------------------------------------------------------------
Plan hash value: 2530070835
 
---------------------------------------------------------------------------------------
| Id  | Operation             | Name          | Rows  | Bytes | Cost (%CPU)| Time     |
---------------------------------------------------------------------------------------
|   0 | SELECT STATEMENT      |               |  1800K|    10M|  5320K  (1)| 00:03:28 |
|*  1 |  FILTER               |               |       |       |            |          |
|   2 |   INDEX FAST FULL SCAN| LINEITEM_PKEY |  1800K|    10M|  1569   (1)| 00:00:01 |
|   3 |   SORT AGGREGATE      |               |     1 |     6 |            |          |
|*  4 |    INDEX RANGE SCAN   | LINEITEM_PKEY |     4 |    24 |     3   (0)| 00:00:01 |
---------------------------------------------------------------------------------------
 
Predicate Information (identified by operation id):
---------------------------------------------------
 
   1 - filter( (SELECT COUNT(*) FROM "LINEITEM" "LINEITEM" WHERE 
              "L_ORDERKEY"=:B1)>5)
   4 - access("L_ORDERKEY"=:B1)

18 rows selected. 

SQL> /* ~~~~~~~~~~~~~~~~~~~~~~~~~~~~~~~~~~~~~~~~~~~~~~~~~~~~~~~~~~~~~~~~~~~~~~~~~ */
SQL> /* 5 */
SQL> EXPLAIN PLAN FOR
  2  SELECT DISTINCT n_regionkey, (SELECT count(*)
  3                                FROM nation
  4                                WHERE n_regionkey = n.n_regionkey)
  5  FROM nation n;

Explained.

SQL> SELECT * FROM TABLE(DBMS_XPLAN.DISPLAY);

PLAN_TABLE_OUTPUT
------------------------------------------------------------------------------------------------------------------------------------------------------------------------------------------------------------------------------------------------------------------------------------------------------------
Plan hash value: 1466266092
 
-----------------------------------------------------------------------------
| Id  | Operation          | Name   | Rows  | Bytes | Cost (%CPU)| Time     |
-----------------------------------------------------------------------------
|   0 | SELECT STATEMENT   |        |     5 |    15 |    73   (2)| 00:00:01 |
|   1 |  SORT AGGREGATE    |        |     1 |     3 |            |          |
|*  2 |   TABLE ACCESS FULL| NATION |     5 |    15 |    12   (0)| 00:00:01 |
|   3 |  HASH UNIQUE       |        |     5 |    15 |    73   (2)| 00:00:01 |
|   4 |   TABLE ACCESS FULL| NATION |    25 |    75 |    12   (0)| 00:00:01 |
-----------------------------------------------------------------------------
 
Predicate Information (identified by operation id):
---------------------------------------------------
 
   2 - filter("N_REGIONKEY"=:B1)

16 rows selected. 

SQL> /* ~~~~~~~~~~~~~~~~~~~~~~~~~~~~~~~~~~~~~~~~~~~~~~~~~~~~~~~~~~~~~~~~~~~~~~~~~ */
SQL> /* 6*/
SQL> EXPLAIN PLAN FOR
  2  SELECT *
  3  FROM LINEITEM
  4  WHERE l_extendedprice > (SELECT MIN(l_extendedprice)
  5                           FROM LINEITEM)
  6        AND
  7        l_extendedprice < (SELECT MAX(l_extendedprice)
  8                           FROM LINEITEM);

Explained.

SQL> SELECT * FROM TABLE(DBMS_XPLAN.DISPLAY);

PLAN_TABLE_OUTPUT
------------------------------------------------------------------------------------------------------------------------------------------------------------------------------------------------------------------------------------------------------------------------------------------------------------
Plan hash value: 3936291468
 
--------------------------------------------------------------------------------
| Id  | Operation           | Name     | Rows  | Bytes | Cost (%CPU)| Time     |
--------------------------------------------------------------------------------
|   0 | SELECT STATEMENT    |          |  4500 |   549K| 36447   (1)| 00:00:02 |
|*  1 |  TABLE ACCESS FULL  | LINEITEM |  4500 |   549K| 12151   (1)| 00:00:01 |
|   2 |   SORT AGGREGATE    |          |     1 |     6 |            |          |
|   3 |    TABLE ACCESS FULL| LINEITEM |  1800K|    10M| 12148   (1)| 00:00:01 |
|   4 |   SORT AGGREGATE    |          |     1 |     6 |            |          |
|   5 |    TABLE ACCESS FULL| LINEITEM |  1800K|    10M| 12148   (1)| 00:00:01 |
--------------------------------------------------------------------------------
 
Predicate Information (identified by operation id):
---------------------------------------------------
 
   1 - filter("L_EXTENDEDPRICE"> (SELECT MIN("L_EXTENDEDPRICE") FROM 
              "LINEITEM" "LINEITEM") AND "L_EXTENDEDPRICE"< (SELECT 
              MAX("L_EXTENDEDPRICE") FROM "LINEITEM" "LINEITEM"))

19 rows selected. 

SQL> /* ~~~~~~~~~~~~~~~~~~~~~~~~~~~~~~~~~~~~~~~~~~~~~~~~~~~~~~~~~~~~~~~~~~~~~~~~~ */
SQL> /* ~~~~~~~~~~~~~~~~~~~~~~~~~~~~~~~~~~~~~~~~~~~~~~~~~~~~~~~~~~~~~~~~~~~~~~~~~ */
SQL> -- Improved queries
SQL> /* 1 */
SQL> EXPLAIN PLAN FOR
  2  select max(l_extendedprice)
  3  from lineitem;

Explained.

SQL> SELECT * FROM TABLE(DBMS_XPLAN.DISPLAY);

PLAN_TABLE_OUTPUT
------------------------------------------------------------------------------------------------------------------------------------------------------------------------------------------------------------------------------------------------------------------------------------------------------------
Plan hash value: 2287326370
 
-------------------------------------------------------------------------------
| Id  | Operation          | Name     | Rows  | Bytes | Cost (%CPU)| Time     |
-------------------------------------------------------------------------------
|   0 | SELECT STATEMENT   |          |     1 |     6 | 12148   (1)| 00:00:01 |
|   1 |  SORT AGGREGATE    |          |     1 |     6 |            |          |
|   2 |   TABLE ACCESS FULL| LINEITEM |  1800K|    10M| 12148   (1)| 00:00:01 |
-------------------------------------------------------------------------------

9 rows selected. 

SQL> /* ~~~~~~~~~~~~~~~~~~~~~~~~~~~~~~~~~~~~~~~~~~~~~~~~~~~~~~~~~~~~~~~~~~~~~~~~~ */
SQL> /* 2 */
SQL> EXPLAIN PLAN FOR
  2  select p_partkey, p_retailprice
  3  from part
  4  where p_retailprice > (SELECT MAX(p_retailprice)
  5                         FROM PART
  6                         WHERE p_brand in ('Brand#13', 'Brand#23', 'Brand#55'));

Explained.

SQL> SELECT * FROM TABLE(DBMS_XPLAN.DISPLAY);

PLAN_TABLE_OUTPUT
------------------------------------------------------------------------------------------------------------------------------------------------------------------------------------------------------------------------------------------------------------------------------------------------------------
Plan hash value: 672711910
 
----------------------------------------------------------------------------
| Id  | Operation           | Name | Rows  | Bytes | Cost (%CPU)| Time     |
----------------------------------------------------------------------------
|   0 | SELECT STATEMENT    |      |  3000 | 30000 |   802   (1)| 00:00:01 |
|*  1 |  TABLE ACCESS FULL  | PART |  3000 | 30000 |   401   (1)| 00:00:01 |
|   2 |   SORT AGGREGATE    |      |     1 |    16 |            |          |
|*  3 |    TABLE ACCESS FULL| PART |  7175 |   112K|   402   (1)| 00:00:01 |
----------------------------------------------------------------------------
 
Predicate Information (identified by operation id):
---------------------------------------------------
 
   1 - filter("P_RETAILPRICE"> (SELECT MAX("P_RETAILPRICE") FROM "PART" 
              "PART" WHERE "P_BRAND"='Brand#13' OR "P_BRAND"='Brand#23' OR 
              "P_BRAND"='Brand#55'))
   3 - filter("P_BRAND"='Brand#13' OR "P_BRAND"='Brand#23' OR 
              "P_BRAND"='Brand#55')

19 rows selected. 

SQL> /* ~~~~~~~~~~~~~~~~~~~~~~~~~~~~~~~~~~~~~~~~~~~~~~~~~~~~~~~~~~~~~~~~~~~~~~~~~ */
SQL> /* 3 */
SQL> EXPLAIN PLAN FOR
  2  select   p_partkey, count(*)
  3  from     LINEITEM
  4  outer join part on l_partkey = p_partkey
  5  group by l_partkey
  6  order by p_partkey;

Explained.

SQL> SELECT * FROM TABLE(DBMS_XPLAN.DISPLAY);

PLAN_TABLE_OUTPUT
------------------------------------------------------------------------------------------------------------------------------------------------------------------------------------------------------------------------------------------------------------------------------------------------------------
Plan hash value: 119192358
 
---------------------------------------------------------------------------------------
| Id  | Operation          | Name     | Rows  | Bytes |TempSpc| Cost (%CPU)| Time     |
---------------------------------------------------------------------------------------
|   0 | SELECT STATEMENT   |          | 60452 |   295K|       | 14223   (1)| 00:00:01 |
|   1 |  SORT GROUP BY     |          | 60452 |   295K|    20M| 14223   (1)| 00:00:01 |
|   2 |   TABLE ACCESS FULL| LINEITEM |  1800K|  8789K|       | 12144   (1)| 00:00:01 |
---------------------------------------------------------------------------------------

9 rows selected. 

SQL> /* ~~~~~~~~~~~~~~~~~~~~~~~~~~~~~~~~~~~~~~~~~~~~~~~~~~~~~~~~~~~~~~~~~~~~~~~~~ */
SQL> /* 4 */
SQL> EXPLAIN PLAN FOR
  2  SELECT l_orderkey
  3  FROM LINEITEM
  4  group by l_orderkey
  5  having count(*) > 5;

Explained.

SQL> SELECT * FROM TABLE(DBMS_XPLAN.DISPLAY);

PLAN_TABLE_OUTPUT
------------------------------------------------------------------------------------------------------------------------------------------------------------------------------------------------------------------------------------------------------------------------------------------------------------
Plan hash value: 3365344364
 
-----------------------------------------------------------------------------------------------
| Id  | Operation             | Name          | Rows  | Bytes |TempSpc| Cost (%CPU)| Time     |
-----------------------------------------------------------------------------------------------
|   0 | SELECT STATEMENT      |               | 22804 |   133K|       |  3694   (2)| 00:00:01 |
|*  1 |  HASH GROUP BY        |               | 22804 |   133K|    20M|  3694   (2)| 00:00:01 |
|   2 |   INDEX FAST FULL SCAN| LINEITEM_PKEY |  1800K|    10M|       |  1567   (1)| 00:00:01 |
-----------------------------------------------------------------------------------------------
 
Predicate Information (identified by operation id):
---------------------------------------------------
 
   1 - filter(COUNT(*)>5)

14 rows selected. 

SQL> /* ~~~~~~~~~~~~~~~~~~~~~~~~~~~~~~~~~~~~~~~~~~~~~~~~~~~~~~~~~~~~~~~~~~~~~~~~~ */
SQL> /* 5 */
SQL> EXPLAIN PLAN FOR
  2  SELECT DISTINCT n_regionkey, count(*)
  3  FROM nation
  4  group by n_regionkey;

Explained.

SQL> SELECT * FROM TABLE(DBMS_XPLAN.DISPLAY);

PLAN_TABLE_OUTPUT
------------------------------------------------------------------------------------------------------------------------------------------------------------------------------------------------------------------------------------------------------------------------------------------------------------
Plan hash value: 4075874638
 
-----------------------------------------------------------------------------
| Id  | Operation          | Name   | Rows  | Bytes | Cost (%CPU)| Time     |
-----------------------------------------------------------------------------
|   0 | SELECT STATEMENT   |        |     5 |    15 |    13   (8)| 00:00:01 |
|   1 |  HASH GROUP BY     |        |     5 |    15 |    13   (8)| 00:00:01 |
|   2 |   TABLE ACCESS FULL| NATION |    25 |    75 |    12   (0)| 00:00:01 |
-----------------------------------------------------------------------------

9 rows selected. 

SQL> /* ~~~~~~~~~~~~~~~~~~~~~~~~~~~~~~~~~~~~~~~~~~~~~~~~~~~~~~~~~~~~~~~~~~~~~~~~~ */
SQL> /* 6*/
SQL> EXPLAIN PLAN FOR
  2  with MinMax as (
  3  	select min(l_extendedprice) small,
  4  	       max(l_extendedprice) large
  5  	from lineitem)
  6  select *
  7  from lineitem
  8  where l_extendedprice between (select small from MinMax)
  9  and (select large from MinMax);

Explained.

SQL> SELECT * FROM TABLE(DBMS_XPLAN.DISPLAY);

PLAN_TABLE_OUTPUT
------------------------------------------------------------------------------------------------------------------------------------------------------------------------------------------------------------------------------------------------------------------------------------------------------------
Plan hash value: 2232252375
 
----------------------------------------------------------------------------------------------------------------------
| Id  | Operation                                | Name                      | Rows  | Bytes | Cost (%CPU)| Time     |
----------------------------------------------------------------------------------------------------------------------
|   0 | SELECT STATEMENT                         |                           |  4500 |   549K| 24303   (1)| 00:00:01 |
|   1 |  TEMP TABLE TRANSFORMATION               |                           |       |       |            |          |
|   2 |   LOAD AS SELECT (CURSOR DURATION MEMORY)| SYS_TEMP_0FD9D6604_B0670F |       |       |            |          |
|   3 |    SORT AGGREGATE                        |                           |     1 |     6 |            |          |
|   4 |     TABLE ACCESS FULL                    | LINEITEM                  |  1800K|    10M| 12148   (1)| 00:00:01 |
|*  5 |   TABLE ACCESS FULL                      | LINEITEM                  |  4500 |   549K| 12151   (1)| 00:00:01 |
|   6 |    VIEW                                  |                           |     1 |    13 |     2   (0)| 00:00:01 |
|   7 |     TABLE ACCESS FULL                    | SYS_TEMP_0FD9D6604_B0670F |     1 |     6 |     2   (0)| 00:00:01 |
|   8 |    VIEW                                  |                           |     1 |    13 |     2   (0)| 00:00:01 |
|   9 |     TABLE ACCESS FULL                    | SYS_TEMP_0FD9D6604_B0670F |     1 |     6 |     2   (0)| 00:00:01 |
----------------------------------------------------------------------------------------------------------------------
 
Predicate Information (identified by operation id):
---------------------------------------------------
 
   5 - filter("L_EXTENDEDPRICE">= (SELECT "SMALL" FROM  (SELECT /*+ CACHE ("T1") */ "C0" "SMALL","C1" "LARGE" 
              FROM "SYS"."SYS_TEMP_0FD9D6604_B0670F" "T1") "MINMAX") AND "L_EXTENDEDPRICE"<= (SELECT "LARGE" FROM  (SELECT 
              /*+ CACHE ("T1") */ "C0" "SMALL","C1" "LARGE" FROM "SYS"."SYS_TEMP_0FD9D6604_B0670F" "T1") "MINMAX"))

23 rows selected. 

SQL> 
SQL> SPOOL OFF 
